<?xml version="1.0" encoding="UTF-8"?>
<!-- Generated by org.testng.reporters.JUnitXMLReporter -->
<testsuite ignored="9" hostname="ISTHYDPC42" failures="0" tests="1" name="Default test" time="143.468" errors="0" timestamp="2024-06-13T16:20:37 IST">
  <testcase classname="TestNG.FormCreation" name="CreateForm" time="128.974"/>
  <testcase classname="TestNG.FormCreation" name="Themes_ContentSection" time="0.0">
    <ignored/>
  </testcase> <!-- Themes_ContentSection -->
  <testcase classname="TestNG.FormCreation" name="Themes_BodySection" time="0.0">
    <ignored/>
  </testcase> <!-- Themes_BodySection -->
  <testcase classname="TestNG.FormCreation" name="Themes_LabelStyles" time="0.0">
    <ignored/>
  </testcase> <!-- Themes_LabelStyles -->
  <testcase classname="TestNG.FormCreation" name="Themes_FooterSection" time="0.0">
    <ignored/>
  </testcase> <!-- Themes_FooterSection -->
  <testcase classname="TestNG.FormCreation" name="Themes_HeaderSection" time="0.0">
    <ignored/>
  </testcase> <!-- Themes_HeaderSection -->
  <testcase classname="TestNG.FormCreation" name="FormDelete" time="0.0">
    <ignored/>
  </testcase> <!-- FormDelete -->
  <testcase classname="TestNG.FormCreation" name="Themes_FormSection" time="0.0">
    <ignored/>
  </testcase> <!-- Themes_FormSection -->
  <testcase classname="TestNG.FormCreation" name="FormView" time="0.0">
    <ignored/>
  </testcase> <!-- FormView -->
  <testcase classname="TestNG.FormCreation" name="AddThemes" time="0.0">
    <ignored/>
  </testcase> <!-- AddThemes -->
</testsuite> <!-- Default test -->
