<?xml version="1.0" encoding="UTF-8"?>
<testng-results ignored="9" total="10" passed="1" failed="0" skipped="0">
  <reporter-output>
  </reporter-output>
  <suite started-at="2024-06-13T16:18:14 IST" name="Default suite" finished-at="2024-06-13T16:20:37 IST" duration-ms="143468">
    <groups>
    </groups>
    <test started-at="2024-06-13T16:18:14 IST" name="Default test" finished-at="2024-06-13T16:20:37 IST" duration-ms="143468">
      <class name="TestNG.FormCreation">
        <test-method is-config="true" signature="start()[pri:0, instance:TestNG.FormCreation@33d512c1]" started-at="2024-06-13T16:18:14 IST" name="start" finished-at="2024-06-13T16:18:14 IST" duration-ms="232" status="PASS">
          <reporter-output>
          </reporter-output>
        </test-method> <!-- start -->
        <test-method is-config="true" signature="setUp()[pri:0, instance:TestNG.FormCreation@33d512c1]" started-at="2024-06-13T16:18:14 IST" name="setUp" finished-at="2024-06-13T16:18:28 IST" duration-ms="13698" status="PASS">
          <reporter-output>
          </reporter-output>
        </test-method> <!-- setUp -->
        <test-method signature="CreateForm()[pri:1, instance:TestNG.FormCreation@33d512c1]" started-at="2024-06-13T16:18:28 IST" name="CreateForm" finished-at="2024-06-13T16:20:37 IST" duration-ms="128974" status="PASS">
          <reporter-output>
          </reporter-output>
        </test-method> <!-- CreateForm -->
        <test-method is-config="true" signature="TakeDown()[pri:0, instance:TestNG.FormCreation@33d512c1]" started-at="2024-06-13T16:20:37 IST" name="TakeDown" finished-at="2024-06-13T16:20:37 IST" duration-ms="505" status="PASS">
          <reporter-output>
          </reporter-output>
        </test-method> <!-- TakeDown -->
        <test-method is-config="true" signature="closeApp()[pri:0, instance:TestNG.FormCreation@33d512c1]" started-at="2024-06-13T16:20:37 IST" name="closeApp" finished-at="2024-06-13T16:20:37 IST" duration-ms="1" status="PASS">
          <reporter-output>
          </reporter-output>
        </test-method> <!-- closeApp -->
        <test-method is-config="true" signature="stop()[pri:0, instance:TestNG.FormCreation@33d512c1]" started-at="2024-06-13T16:20:37 IST" name="stop" finished-at="2024-06-13T16:20:37 IST" duration-ms="1" status="PASS">
          <reporter-output>
          </reporter-output>
        </test-method> <!-- stop -->
      </class> <!-- TestNG.FormCreation -->
    </test> <!-- Default test -->
  </suite> <!-- Default suite -->
</testng-results>
