<?xml version="1.0" encoding="UTF-8"?>
<testng-results ignored="0" total="1" passed="1" failed="0" skipped="0">
  <reporter-output>
  </reporter-output>
  <suite started-at="2024-04-08T22:31:34 IST" name="Default suite" finished-at="2024-04-08T22:34:00 IST" duration-ms="146496">
    <groups>
    </groups>
    <test started-at="2024-04-08T22:31:34 IST" name="Default test" finished-at="2024-04-08T22:34:00 IST" duration-ms="146496">
      <class name="TestNG.Reports">
        <test-method is-config="true" signature="start()[pri:0, instance:TestNG.Reports@e8df99a]" started-at="2024-04-08T22:31:34 IST" name="start" finished-at="2024-04-08T22:31:34 IST" duration-ms="95" status="PASS">
          <reporter-output>
          </reporter-output>
        </test-method> <!-- start -->
        <test-method is-config="true" signature="setUp()[pri:0, instance:TestNG.Reports@e8df99a]" started-at="2024-04-08T22:31:34 IST" name="setUp" finished-at="2024-04-08T22:32:19 IST" duration-ms="45116" status="PASS">
          <reporter-output>
          </reporter-output>
        </test-method> <!-- setUp -->
        <test-method signature="ReportsPage()[pri:1, instance:TestNG.Reports@e8df99a]" started-at="2024-04-08T22:32:19 IST" name="ReportsPage" finished-at="2024-04-08T22:34:00 IST" duration-ms="100719" status="PASS">
          <reporter-output>
          </reporter-output>
        </test-method> <!-- ReportsPage -->
        <test-method is-config="true" signature="TakeDown()[pri:0, instance:TestNG.Reports@e8df99a]" started-at="2024-04-08T22:34:00 IST" name="TakeDown" finished-at="2024-04-08T22:34:00 IST" duration-ms="517" status="PASS">
          <reporter-output>
          </reporter-output>
        </test-method> <!-- TakeDown -->
        <test-method is-config="true" signature="stop()[pri:0, instance:TestNG.Reports@e8df99a]" started-at="2024-04-08T22:34:00 IST" name="stop" finished-at="2024-04-08T22:34:00 IST" duration-ms="0" status="PASS">
          <reporter-output>
          </reporter-output>
        </test-method> <!-- stop -->
      </class> <!-- TestNG.Reports -->
    </test> <!-- Default test -->
  </suite> <!-- Default suite -->
</testng-results>
